{"/home/larry/hookshot/src/app.js": {"path":"/home/larry/hookshot/src/app.js","statementMap":{"0":{"start":{"line":1,"column":16},"end":{"line":1,"column":34}},"1":{"start":{"line":2,"column":13},"end":{"line":2,"column":28}},"2":{"start":{"line":3,"column":12},"end":{"line":3,"column":21}},"3":{"start":{"line":4,"column":0},"end":{"line":4,"column":26}},"4":{"start":{"line":6,"column":45},"end":{"line":6,"column":74}},"5":{"start":{"line":7,"column":23},"end":{"line":7,"column":51}},"6":{"start":{"line":8,"column":73},"end":{"line":8,"column":106}},"7":{"start":{"line":9,"column":78},"end":{"line":9,"column":108}},"8":{"start":{"line":10,"column":40},"end":{"line":10,"column":74}},"9":{"start":{"line":11,"column":16},"end":{"line":11,"column":50}},"10":{"start":{"line":15,"column":0},"end":{"line":15,"column":23}},"11":{"start":{"line":16,"column":0},"end":{"line":16,"column":15}},"12":{"start":{"line":19,"column":0},"end":{"line":19,"column":16}},"13":{"start":{"line":22,"column":0},"end":{"line":24,"column":2}},"14":{"start":{"line":23,"column":4},"end":{"line":23,"column":25}},"15":{"start":{"line":26,"column":0},"end":{"line":28,"column":2}},"16":{"start":{"line":27,"column":4},"end":{"line":27,"column":42}},"17":{"start":{"line":31,"column":0},"end":{"line":31,"column":36}},"18":{"start":{"line":32,"column":0},"end":{"line":32,"column":30}},"19":{"start":{"line":33,"column":0},"end":{"line":33,"column":34}},"20":{"start":{"line":34,"column":0},"end":{"line":34,"column":32}},"21":{"start":{"line":37,"column":0},"end":{"line":42,"column":2}},"22":{"start":{"line":38,"column":4},"end":{"line":41,"column":6}},"23":{"start":{"line":45,"column":0},"end":{"line":45,"column":54}},"24":{"start":{"line":46,"column":0},"end":{"line":46,"column":50}},"25":{"start":{"line":47,"column":0},"end":{"line":47,"column":58}},"26":{"start":{"line":48,"column":0},"end":{"line":48,"column":60}},"27":{"start":{"line":51,"column":0},"end":{"line":51,"column":48}},"28":{"start":{"line":52,"column":0},"end":{"line":52,"column":44}},"29":{"start":{"line":53,"column":0},"end":{"line":53,"column":52}},"30":{"start":{"line":54,"column":0},"end":{"line":54,"column":58}},"31":{"start":{"line":55,"column":0},"end":{"line":55,"column":59}},"32":{"start":{"line":58,"column":0},"end":{"line":58,"column":51}},"33":{"start":{"line":59,"column":0},"end":{"line":59,"column":53}},"34":{"start":{"line":62,"column":0},"end":{"line":64,"column":2}},"35":{"start":{"line":63,"column":4},"end":{"line":63,"column":54}},"36":{"start":{"line":66,"column":0},"end":{"line":66,"column":20}}},"fnMap":{"0":{"name":"(anonymous_0)","decl":{"start":{"line":22,"column":13},"end":{"line":22,"column":14}},"loc":{"start":{"line":22,"column":27},"end":{"line":24,"column":1}},"line":22},"1":{"name":"(anonymous_1)","decl":{"start":{"line":26,"column":19},"end":{"line":26,"column":20}},"loc":{"start":{"line":26,"column":33},"end":{"line":28,"column":1}},"line":26},"2":{"name":"(anonymous_2)","decl":{"start":{"line":37,"column":38},"end":{"line":37,"column":39}},"loc":{"start":{"line":37,"column":52},"end":{"line":42,"column":1}},"line":37},"3":{"name":"(anonymous_3)","decl":{"start":{"line":62,"column":8},"end":{"line":62,"column":9}},"loc":{"start":{"line":62,"column":22},"end":{"line":64,"column":1}},"line":62}},"branchMap":{},"s":{"0":3,"1":3,"2":3,"3":3,"4":3,"5":3,"6":3,"7":3,"8":3,"9":3,"10":3,"11":3,"12":3,"13":3,"14":0,"15":3,"16":0,"17":3,"18":3,"19":3,"20":3,"21":3,"22":0,"23":3,"24":3,"25":3,"26":3,"27":3,"28":3,"29":3,"30":3,"31":3,"32":3,"33":3,"34":3,"35":0,"36":3},"f":{"0":0,"1":0,"2":0,"3":0},"b":{},"_coverageSchema":"1a1c01bbd47fc00a2c39e90264f33305004495a9","hash":"15d3fd92d5268482528e30b986f5ce654827faa7"}
,"/home/larry/hookshot/src/controllers/auth.js": {"path":"/home/larry/hookshot/src/controllers/auth.js","statementMap":{"0":{"start":{"line":1,"column":15},"end":{"line":1,"column":32}},"1":{"start":{"line":2,"column":12},"end":{"line":2,"column":35}},"2":{"start":{"line":3,"column":12},"end":{"line":3,"column":26}},"3":{"start":{"line":4,"column":15},"end":{"line":4,"column":38}},"4":{"start":{"line":7,"column":23},"end":{"line":10,"column":2}},"5":{"start":{"line":13,"column":20},"end":{"line":16,"column":2}},"6":{"start":{"line":19,"column":17},"end":{"line":54,"column":1}},"7":{"start":{"line":20,"column":4},"end":{"line":53,"column":5}},"8":{"start":{"line":21,"column":33},"end":{"line":21,"column":66}},"9":{"start":{"line":22,"column":8},"end":{"line":24,"column":9}},"10":{"start":{"line":23,"column":12},"end":{"line":23,"column":76}},"11":{"start":{"line":26,"column":36},"end":{"line":26,"column":41}},"12":{"start":{"line":27,"column":29},"end":{"line":29,"column":10}},"13":{"start":{"line":30,"column":8},"end":{"line":32,"column":9}},"14":{"start":{"line":31,"column":12},"end":{"line":31,"column":73}},"15":{"start":{"line":34,"column":31},"end":{"line":34,"column":62}},"16":{"start":{"line":35,"column":21},"end":{"line":40,"column":10}},"17":{"start":{"line":42,"column":8},"end":{"line":48,"column":10}},"18":{"start":{"line":51,"column":8},"end":{"line":51,"column":44}},"19":{"start":{"line":52,"column":8},"end":{"line":52,"column":64}},"20":{"start":{"line":57,"column":14},"end":{"line":117,"column":1}},"21":{"start":{"line":58,"column":4},"end":{"line":116,"column":5}},"22":{"start":{"line":59,"column":33},"end":{"line":59,"column":63}},"23":{"start":{"line":60,"column":8},"end":{"line":62,"column":9}},"24":{"start":{"line":61,"column":12},"end":{"line":61,"column":76}},"25":{"start":{"line":64,"column":36},"end":{"line":64,"column":41}},"26":{"start":{"line":65,"column":21},"end":{"line":67,"column":10}},"27":{"start":{"line":69,"column":8},"end":{"line":71,"column":9}},"28":{"start":{"line":70,"column":12},"end":{"line":70,"column":73}},"29":{"start":{"line":73,"column":32},"end":{"line":73,"column":77}},"30":{"start":{"line":74,"column":8},"end":{"line":76,"column":9}},"31":{"start":{"line":75,"column":12},"end":{"line":75,"column":73}},"32":{"start":{"line":79,"column":28},"end":{"line":83,"column":9}},"33":{"start":{"line":86,"column":29},"end":{"line":90,"column":9}},"34":{"start":{"line":93,"column":8},"end":{"line":100,"column":10}},"35":{"start":{"line":103,"column":8},"end":{"line":111,"column":10}},"36":{"start":{"line":114,"column":8},"end":{"line":114,"column":44}},"37":{"start":{"line":115,"column":8},"end":{"line":115,"column":64}},"38":{"start":{"line":120,"column":16},"end":{"line":186,"column":1}},"39":{"start":{"line":121,"column":4},"end":{"line":185,"column":5}},"40":{"start":{"line":122,"column":33},"end":{"line":122,"column":41}},"41":{"start":{"line":124,"column":8},"end":{"line":126,"column":9}},"42":{"start":{"line":125,"column":12},"end":{"line":125,"column":76}},"43":{"start":{"line":129,"column":8},"end":{"line":133,"column":9}},"44":{"start":{"line":130,"column":12},"end":{"line":130,"column":78}},"45":{"start":{"line":132,"column":12},"end":{"line":132,"column":86}},"46":{"start":{"line":135,"column":28},"end":{"line":141,"column":10}},"47":{"start":{"line":143,"column":8},"end":{"line":145,"column":9}},"48":{"start":{"line":144,"column":12},"end":{"line":144,"column":88}},"49":{"start":{"line":148,"column":31},"end":{"line":152,"column":9}},"50":{"start":{"line":155,"column":32},"end":{"line":159,"column":9}},"51":{"start":{"line":162,"column":8},"end":{"line":165,"column":10}},"52":{"start":{"line":168,"column":8},"end":{"line":175,"column":10}},"53":{"start":{"line":177,"column":8},"end":{"line":180,"column":10}},"54":{"start":{"line":183,"column":8},"end":{"line":183,"column":44}},"55":{"start":{"line":184,"column":8},"end":{"line":184,"column":64}},"56":{"start":{"line":191,"column":14},"end":{"line":220,"column":1}},"57":{"start":{"line":192,"column":1},"end":{"line":219,"column":2}},"58":{"start":{"line":193,"column":23},"end":{"line":193,"column":31}},"59":{"start":{"line":196,"column":2},"end":{"line":198,"column":2}},"60":{"start":{"line":197,"column":2},"end":{"line":197,"column":63}},"61":{"start":{"line":200,"column":20},"end":{"line":202,"column":3}},"62":{"start":{"line":204,"column":1},"end":{"line":206,"column":2}},"63":{"start":{"line":205,"column":2},"end":{"line":205,"column":56}},"64":{"start":{"line":208,"column":1},"end":{"line":211,"column":3}},"65":{"start":{"line":213,"column":1},"end":{"line":213,"column":58}},"66":{"start":{"line":216,"column":2},"end":{"line":216,"column":38}},"67":{"start":{"line":217,"column":2},"end":{"line":217,"column":55}},"68":{"start":{"line":221,"column":0},"end":{"line":221,"column":52}}},"fnMap":{"0":{"name":"(anonymous_0)","decl":{"start":{"line":19,"column":17},"end":{"line":19,"column":18}},"loc":{"start":{"line":19,"column":37},"end":{"line":54,"column":1}},"line":19},"1":{"name":"(anonymous_1)","decl":{"start":{"line":57,"column":14},"end":{"line":57,"column":15}},"loc":{"start":{"line":57,"column":34},"end":{"line":117,"column":1}},"line":57},"2":{"name":"(anonymous_2)","decl":{"start":{"line":120,"column":16},"end":{"line":120,"column":17}},"loc":{"start":{"line":120,"column":36},"end":{"line":186,"column":1}},"line":120},"3":{"name":"(anonymous_3)","decl":{"start":{"line":191,"column":14},"end":{"line":191,"column":15}},"loc":{"start":{"line":191,"column":31},"end":{"line":220,"column":1}},"line":191}},"branchMap":{"0":{"loc":{"start":{"line":22,"column":8},"end":{"line":24,"column":9}},"type":"if","locations":[{"start":{"line":22,"column":8},"end":{"line":24,"column":9}},{"start":{},"end":{}}],"line":22},"1":{"loc":{"start":{"line":30,"column":8},"end":{"line":32,"column":9}},"type":"if","locations":[{"start":{"line":30,"column":8},"end":{"line":32,"column":9}},{"start":{},"end":{}}],"line":30},"2":{"loc":{"start":{"line":60,"column":8},"end":{"line":62,"column":9}},"type":"if","locations":[{"start":{"line":60,"column":8},"end":{"line":62,"column":9}},{"start":{},"end":{}}],"line":60},"3":{"loc":{"start":{"line":69,"column":8},"end":{"line":71,"column":9}},"type":"if","locations":[{"start":{"line":69,"column":8},"end":{"line":71,"column":9}},{"start":{},"end":{}}],"line":69},"4":{"loc":{"start":{"line":74,"column":8},"end":{"line":76,"column":9}},"type":"if","locations":[{"start":{"line":74,"column":8},"end":{"line":76,"column":9}},{"start":{},"end":{}}],"line":74},"5":{"loc":{"start":{"line":82,"column":25},"end":{"line":82,"column":63}},"type":"binary-expr","locations":[{"start":{"line":82,"column":25},"end":{"line":82,"column":54}},{"start":{"line":82,"column":58},"end":{"line":82,"column":63}}],"line":82},"6":{"loc":{"start":{"line":89,"column":25},"end":{"line":89,"column":63}},"type":"binary-expr","locations":[{"start":{"line":89,"column":25},"end":{"line":89,"column":55}},{"start":{"line":89,"column":59},"end":{"line":89,"column":63}}],"line":89},"7":{"loc":{"start":{"line":124,"column":8},"end":{"line":126,"column":9}},"type":"if","locations":[{"start":{"line":124,"column":8},"end":{"line":126,"column":9}},{"start":{},"end":{}}],"line":124},"8":{"loc":{"start":{"line":143,"column":8},"end":{"line":145,"column":9}},"type":"if","locations":[{"start":{"line":143,"column":8},"end":{"line":145,"column":9}},{"start":{},"end":{}}],"line":143},"9":{"loc":{"start":{"line":151,"column":25},"end":{"line":151,"column":63}},"type":"binary-expr","locations":[{"start":{"line":151,"column":25},"end":{"line":151,"column":54}},{"start":{"line":151,"column":58},"end":{"line":151,"column":63}}],"line":151},"10":{"loc":{"start":{"line":158,"column":25},"end":{"line":158,"column":63}},"type":"binary-expr","locations":[{"start":{"line":158,"column":25},"end":{"line":158,"column":55}},{"start":{"line":158,"column":59},"end":{"line":158,"column":63}}],"line":158},"11":{"loc":{"start":{"line":196,"column":2},"end":{"line":198,"column":2}},"type":"if","locations":[{"start":{"line":196,"column":2},"end":{"line":198,"column":2}},{"start":{},"end":{}}],"line":196},"12":{"loc":{"start":{"line":204,"column":1},"end":{"line":206,"column":2}},"type":"if","locations":[{"start":{"line":204,"column":1},"end":{"line":206,"column":2}},{"start":{},"end":{}}],"line":204}},"s":{"0":3,"1":3,"2":3,"3":3,"4":3,"5":3,"6":3,"7":4,"8":4,"9":4,"10":0,"11":4,"12":4,"13":4,"14":1,"15":3,"16":3,"17":3,"18":0,"19":0,"20":3,"21":4,"22":4,"23":4,"24":0,"25":4,"26":4,"27":4,"28":0,"29":4,"30":4,"31":1,"32":3,"33":3,"34":3,"35":3,"36":0,"37":0,"38":3,"39":0,"40":0,"41":0,"42":0,"43":0,"44":0,"45":0,"46":0,"47":0,"48":0,"49":0,"50":0,"51":0,"52":0,"53":0,"54":0,"55":0,"56":3,"57":0,"58":0,"59":0,"60":0,"61":0,"62":0,"63":0,"64":0,"65":0,"66":0,"67":0,"68":3},"f":{"0":4,"1":4,"2":0,"3":0},"b":{"0":[0,4],"1":[1,3],"2":[0,4],"3":[0,4],"4":[1,3],"5":[3,0],"6":[3,0],"7":[0,0],"8":[0,0],"9":[0,0],"10":[0,0],"11":[0,0],"12":[0,0]},"_coverageSchema":"1a1c01bbd47fc00a2c39e90264f33305004495a9","hash":"b8191bb2d8e9533031446d7e06dfbda8e9d7a084"}
,"/home/larry/hookshot/src/controllers/dashboard.js": {"path":"/home/larry/hookshot/src/controllers/dashboard.js","statementMap":{"0":{"start":{"line":1,"column":14},"end":{"line":1,"column":37}},"1":{"start":{"line":3,"column":21},"end":{"line":81,"column":1}},"2":{"start":{"line":4,"column":4},"end":{"line":80,"column":5}},"3":{"start":{"line":5,"column":23},"end":{"line":5,"column":38}},"4":{"start":{"line":7,"column":29},"end":{"line":21,"column":10}},"5":{"start":{"line":24,"column":22},"end":{"line":24,"column":41}},"6":{"start":{"line":25,"column":27},"end":{"line":25,"column":86}},"7":{"start":{"line":25,"column":54},"end":{"line":25,"column":78}},"8":{"start":{"line":26,"column":23},"end":{"line":26,"column":81}},"9":{"start":{"line":26,"column":50},"end":{"line":26,"column":73}},"10":{"start":{"line":28,"column":28},"end":{"line":28,"column":70}},"11":{"start":{"line":29,"column":28},"end":{"line":29,"column":66}},"12":{"start":{"line":32,"column":27},"end":{"line":32,"column":29}},"13":{"start":{"line":34,"column":8},"end":{"line":60,"column":10}},"14":{"start":{"line":35,"column":31},"end":{"line":35,"column":51}},"15":{"start":{"line":37,"column":12},"end":{"line":46,"column":13}},"16":{"start":{"line":38,"column":16},"end":{"line":45,"column":17}},"17":{"start":{"line":48,"column":12},"end":{"line":48,"column":42}},"18":{"start":{"line":50,"column":12},"end":{"line":54,"column":13}},"19":{"start":{"line":51,"column":16},"end":{"line":51,"column":48}},"20":{"start":{"line":53,"column":16},"end":{"line":53,"column":47}},"21":{"start":{"line":56,"column":12},"end":{"line":59,"column":13}},"22":{"start":{"line":57,"column":16},"end":{"line":57,"column":71}},"23":{"start":{"line":58,"column":16},"end":{"line":58,"column":46}},"24":{"start":{"line":62,"column":26},"end":{"line":68,"column":11}},"25":{"start":{"line":62,"column":62},"end":{"line":68,"column":9}},"26":{"start":{"line":70,"column":8},"end":{"line":75,"column":10}},"27":{"start":{"line":78,"column":8},"end":{"line":78,"column":48}},"28":{"start":{"line":79,"column":8},"end":{"line":79,"column":64}},"29":{"start":{"line":82,"column":22},"end":{"line":153,"column":1}},"30":{"start":{"line":83,"column":4},"end":{"line":152,"column":5}},"31":{"start":{"line":85,"column":81},"end":{"line":85,"column":90}},"32":{"start":{"line":86,"column":23},"end":{"line":86,"column":38}},"33":{"start":{"line":89,"column":22},"end":{"line":93,"column":9}},"34":{"start":{"line":95,"column":8},"end":{"line":97,"column":9}},"35":{"start":{"line":96,"column":12},"end":{"line":96,"column":33}},"36":{"start":{"line":99,"column":8},"end":{"line":101,"column":9}},"37":{"start":{"line":100,"column":12},"end":{"line":100,"column":57}},"38":{"start":{"line":103,"column":8},"end":{"line":111,"column":9}},"39":{"start":{"line":104,"column":12},"end":{"line":104,"column":32}},"40":{"start":{"line":105,"column":12},"end":{"line":107,"column":13}},"41":{"start":{"line":106,"column":16},"end":{"line":106,"column":57}},"42":{"start":{"line":108,"column":12},"end":{"line":110,"column":13}},"43":{"start":{"line":109,"column":16},"end":{"line":109,"column":55}},"44":{"start":{"line":114,"column":22},"end":{"line":114,"column":63}},"45":{"start":{"line":117,"column":27},"end":{"line":138,"column":10}},"46":{"start":{"line":139,"column":7},"end":{"line":147,"column":10}},"47":{"start":{"line":150,"column":8},"end":{"line":150,"column":53}},"48":{"start":{"line":151,"column":8},"end":{"line":151,"column":64}},"49":{"start":{"line":155,"column":0},"end":{"line":155,"column":48}}},"fnMap":{"0":{"name":"(anonymous_0)","decl":{"start":{"line":3,"column":21},"end":{"line":3,"column":22}},"loc":{"start":{"line":3,"column":41},"end":{"line":81,"column":1}},"line":3},"1":{"name":"(anonymous_1)","decl":{"start":{"line":25,"column":47},"end":{"line":25,"column":48}},"loc":{"start":{"line":25,"column":54},"end":{"line":25,"column":78}},"line":25},"2":{"name":"(anonymous_2)","decl":{"start":{"line":26,"column":43},"end":{"line":26,"column":44}},"loc":{"start":{"line":26,"column":50},"end":{"line":26,"column":73}},"line":26},"3":{"name":"(anonymous_3)","decl":{"start":{"line":34,"column":29},"end":{"line":34,"column":30}},"loc":{"start":{"line":34,"column":36},"end":{"line":60,"column":9}},"line":34},"4":{"name":"(anonymous_4)","decl":{"start":{"line":62,"column":56},"end":{"line":62,"column":57}},"loc":{"start":{"line":62,"column":62},"end":{"line":68,"column":9}},"line":62},"5":{"name":"(anonymous_5)","decl":{"start":{"line":82,"column":22},"end":{"line":82,"column":23}},"loc":{"start":{"line":82,"column":42},"end":{"line":153,"column":1}},"line":82}},"branchMap":{"0":{"loc":{"start":{"line":28,"column":28},"end":{"line":28,"column":70}},"type":"cond-expr","locations":[{"start":{"line":28,"column":40},"end":{"line":28,"column":66}},{"start":{"line":28,"column":69},"end":{"line":28,"column":70}}],"line":28},"1":{"loc":{"start":{"line":29,"column":28},"end":{"line":29,"column":66}},"type":"cond-expr","locations":[{"start":{"line":29,"column":40},"end":{"line":29,"column":62}},{"start":{"line":29,"column":65},"end":{"line":29,"column":66}}],"line":29},"2":{"loc":{"start":{"line":37,"column":12},"end":{"line":46,"column":13}},"type":"if","locations":[{"start":{"line":37,"column":12},"end":{"line":46,"column":13}},{"start":{},"end":{}}],"line":37},"3":{"loc":{"start":{"line":50,"column":12},"end":{"line":54,"column":13}},"type":"if","locations":[{"start":{"line":50,"column":12},"end":{"line":54,"column":13}},{"start":{"line":52,"column":19},"end":{"line":54,"column":13}}],"line":50},"4":{"loc":{"start":{"line":56,"column":12},"end":{"line":59,"column":13}},"type":"if","locations":[{"start":{"line":56,"column":12},"end":{"line":59,"column":13}},{"start":{},"end":{}}],"line":56},"5":{"loc":{"start":{"line":67,"column":24},"end":{"line":67,"column":78}},"type":"cond-expr","locations":[{"start":{"line":67,"column":38},"end":{"line":67,"column":74}},{"start":{"line":67,"column":77},"end":{"line":67,"column":78}}],"line":67},"6":{"loc":{"start":{"line":85,"column":56},"end":{"line":85,"column":64}},"type":"default-arg","locations":[{"start":{"line":85,"column":63},"end":{"line":85,"column":64}}],"line":85},"7":{"loc":{"start":{"line":85,"column":66},"end":{"line":85,"column":76}},"type":"default-arg","locations":[{"start":{"line":85,"column":74},"end":{"line":85,"column":76}}],"line":85},"8":{"loc":{"start":{"line":95,"column":8},"end":{"line":97,"column":9}},"type":"if","locations":[{"start":{"line":95,"column":8},"end":{"line":97,"column":9}},{"start":{},"end":{}}],"line":95},"9":{"loc":{"start":{"line":99,"column":8},"end":{"line":101,"column":9}},"type":"if","locations":[{"start":{"line":99,"column":8},"end":{"line":101,"column":9}},{"start":{},"end":{}}],"line":99},"10":{"loc":{"start":{"line":103,"column":8},"end":{"line":111,"column":9}},"type":"if","locations":[{"start":{"line":103,"column":8},"end":{"line":111,"column":9}},{"start":{},"end":{}}],"line":103},"11":{"loc":{"start":{"line":103,"column":12},"end":{"line":103,"column":32}},"type":"binary-expr","locations":[{"start":{"line":103,"column":12},"end":{"line":103,"column":21}},{"start":{"line":103,"column":25},"end":{"line":103,"column":32}}],"line":103},"12":{"loc":{"start":{"line":105,"column":12},"end":{"line":107,"column":13}},"type":"if","locations":[{"start":{"line":105,"column":12},"end":{"line":107,"column":13}},{"start":{},"end":{}}],"line":105},"13":{"loc":{"start":{"line":108,"column":12},"end":{"line":110,"column":13}},"type":"if","locations":[{"start":{"line":108,"column":12},"end":{"line":110,"column":13}},{"start":{},"end":{}}],"line":108}},"s":{"0":3,"1":3,"2":0,"3":0,"4":0,"5":0,"6":0,"7":0,"8":0,"9":0,"10":0,"11":0,"12":0,"13":0,"14":0,"15":0,"16":0,"17":0,"18":0,"19":0,"20":0,"21":0,"22":0,"23":0,"24":0,"25":0,"26":0,"27":0,"28":0,"29":3,"30":0,"31":0,"32":0,"33":0,"34":0,"35":0,"36":0,"37":0,"38":0,"39":0,"40":0,"41":0,"42":0,"43":0,"44":0,"45":0,"46":0,"47":0,"48":0,"49":3},"f":{"0":0,"1":0,"2":0,"3":0,"4":0,"5":0},"b":{"0":[0,0],"1":[0,0],"2":[0,0],"3":[0,0],"4":[0,0],"5":[0,0],"6":[0],"7":[0],"8":[0,0],"9":[0,0],"10":[0,0],"11":[0,0],"12":[0,0],"13":[0,0]},"_coverageSchema":"1a1c01bbd47fc00a2c39e90264f33305004495a9","hash":"4dc896cb863825c36cba1f8475a326e2872877fe"}
,"/home/larry/hookshot/src/controllers/endpoint.js": {"path":"/home/larry/hookshot/src/controllers/endpoint.js","statementMap":{"0":{"start":{"line":1,"column":15},"end":{"line":1,"column":32}},"1":{"start":{"line":2,"column":12},"end":{"line":2,"column":26}},"2":{"start":{"line":3,"column":15},"end":{"line":3,"column":38}},"3":{"start":{"line":5,"column":23},"end":{"line":44,"column":1}},"4":{"start":{"line":6,"column":4},"end":{"line":43,"column":5}},"5":{"start":{"line":7,"column":31},"end":{"line":12,"column":9}},"6":{"start":{"line":14,"column":33},"end":{"line":14,"column":73}},"7":{"start":{"line":15,"column":8},"end":{"line":17,"column":9}},"8":{"start":{"line":16,"column":12},"end":{"line":16,"column":76}},"9":{"start":{"line":19,"column":30},"end":{"line":19,"column":35}},"10":{"start":{"line":20,"column":23},"end":{"line":20,"column":38}},"11":{"start":{"line":21,"column":23},"end":{"line":21,"column":61}},"12":{"start":{"line":23,"column":25},"end":{"line":30,"column":10}},"13":{"start":{"line":32,"column":8},"end":{"line":38,"column":10}},"14":{"start":{"line":41,"column":8},"end":{"line":41,"column":54}},"15":{"start":{"line":42,"column":8},"end":{"line":42,"column":64}},"16":{"start":{"line":46,"column":20},"end":{"line":68,"column":1}},"17":{"start":{"line":47,"column":4},"end":{"line":67,"column":5}},"18":{"start":{"line":48,"column":23},"end":{"line":48,"column":38}},"19":{"start":{"line":50,"column":26},"end":{"line":60,"column":10}},"20":{"start":{"line":62,"column":8},"end":{"line":62,"column":43}},"21":{"start":{"line":65,"column":8},"end":{"line":65,"column":52}},"22":{"start":{"line":66,"column":8},"end":{"line":66,"column":64}},"23":{"start":{"line":70,"column":24},"end":{"line":101,"column":1}},"24":{"start":{"line":71,"column":4},"end":{"line":100,"column":5}},"25":{"start":{"line":72,"column":23},"end":{"line":72,"column":33}},"26":{"start":{"line":73,"column":23},"end":{"line":73,"column":38}},"27":{"start":{"line":75,"column":25},"end":{"line":85,"column":10}},"28":{"start":{"line":87,"column":8},"end":{"line":89,"column":9}},"29":{"start":{"line":88,"column":12},"end":{"line":88,"column":72}},"30":{"start":{"line":91,"column":8},"end":{"line":93,"column":9}},"31":{"start":{"line":92,"column":12},"end":{"line":92,"column":67}},"32":{"start":{"line":95,"column":8},"end":{"line":95,"column":42}},"33":{"start":{"line":98,"column":8},"end":{"line":98,"column":57}},"34":{"start":{"line":99,"column":8},"end":{"line":99,"column":64}},"35":{"start":{"line":103,"column":22},"end":{"line":130,"column":1}},"36":{"start":{"line":104,"column":1},"end":{"line":129,"column":2}},"37":{"start":{"line":105,"column":14},"end":{"line":105,"column":24}},"38":{"start":{"line":106,"column":17},"end":{"line":106,"column":32}},"39":{"start":{"line":108,"column":19},"end":{"line":110,"column":5}},"40":{"start":{"line":112,"column":3},"end":{"line":114,"column":4}},"41":{"start":{"line":113,"column":4},"end":{"line":113,"column":60}},"42":{"start":{"line":116,"column":3},"end":{"line":118,"column":4}},"43":{"start":{"line":117,"column":4},"end":{"line":117,"column":56}},"44":{"start":{"line":120,"column":3},"end":{"line":122,"column":5}},"45":{"start":{"line":124,"column":3},"end":{"line":124,"column":66}},"46":{"start":{"line":127,"column":9},"end":{"line":127,"column":55}},"47":{"start":{"line":128,"column":17},"end":{"line":128,"column":73}},"48":{"start":{"line":131,"column":0},"end":{"line":131,"column":80}}},"fnMap":{"0":{"name":"(anonymous_0)","decl":{"start":{"line":5,"column":23},"end":{"line":5,"column":24}},"loc":{"start":{"line":5,"column":43},"end":{"line":44,"column":1}},"line":5},"1":{"name":"(anonymous_1)","decl":{"start":{"line":46,"column":20},"end":{"line":46,"column":21}},"loc":{"start":{"line":46,"column":40},"end":{"line":68,"column":1}},"line":46},"2":{"name":"(anonymous_2)","decl":{"start":{"line":70,"column":24},"end":{"line":70,"column":25}},"loc":{"start":{"line":70,"column":44},"end":{"line":101,"column":1}},"line":70},"3":{"name":"(anonymous_3)","decl":{"start":{"line":103,"column":22},"end":{"line":103,"column":23}},"loc":{"start":{"line":103,"column":39},"end":{"line":130,"column":1}},"line":103}},"branchMap":{"0":{"loc":{"start":{"line":15,"column":8},"end":{"line":17,"column":9}},"type":"if","locations":[{"start":{"line":15,"column":8},"end":{"line":17,"column":9}},{"start":{},"end":{}}],"line":15},"1":{"loc":{"start":{"line":26,"column":22},"end":{"line":26,"column":34}},"type":"binary-expr","locations":[{"start":{"line":26,"column":22},"end":{"line":26,"column":26}},{"start":{"line":26,"column":30},"end":{"line":26,"column":34}}],"line":26},"2":{"loc":{"start":{"line":87,"column":8},"end":{"line":89,"column":9}},"type":"if","locations":[{"start":{"line":87,"column":8},"end":{"line":89,"column":9}},{"start":{},"end":{}}],"line":87},"3":{"loc":{"start":{"line":91,"column":8},"end":{"line":93,"column":9}},"type":"if","locations":[{"start":{"line":91,"column":8},"end":{"line":93,"column":9}},{"start":{},"end":{}}],"line":91},"4":{"loc":{"start":{"line":112,"column":3},"end":{"line":114,"column":4}},"type":"if","locations":[{"start":{"line":112,"column":3},"end":{"line":114,"column":4}},{"start":{},"end":{}}],"line":112},"5":{"loc":{"start":{"line":116,"column":3},"end":{"line":118,"column":4}},"type":"if","locations":[{"start":{"line":116,"column":3},"end":{"line":118,"column":4}},{"start":{},"end":{}}],"line":116}},"s":{"0":3,"1":3,"2":3,"3":3,"4":3,"5":3,"6":3,"7":3,"8":0,"9":3,"10":3,"11":3,"12":3,"13":3,"14":0,"15":0,"16":3,"17":1,"18":1,"19":1,"20":1,"21":0,"22":0,"23":3,"24":1,"25":1,"26":1,"27":1,"28":1,"29":0,"30":1,"31":0,"32":1,"33":0,"34":0,"35":3,"36":1,"37":1,"38":1,"39":1,"40":1,"41":0,"42":1,"43":0,"44":1,"45":1,"46":0,"47":0,"48":3},"f":{"0":3,"1":1,"2":1,"3":1},"b":{"0":[0,3],"1":[3,0],"2":[0,1],"3":[0,1],"4":[0,1],"5":[0,1]},"_coverageSchema":"1a1c01bbd47fc00a2c39e90264f33305004495a9","hash":"38b98876770e058088e97d8cf4dbc8cc5c65256d"}
,"/home/larry/hookshot/src/controllers/event.js": {"path":"/home/larry/hookshot/src/controllers/event.js","statementMap":{"0":{"start":{"line":1,"column":12},"end":{"line":1,"column":26}},"1":{"start":{"line":2,"column":15},"end":{"line":2,"column":38}},"2":{"start":{"line":3,"column":19},"end":{"line":3,"column":51}},"3":{"start":{"line":5,"column":20},"end":{"line":53,"column":1}},"4":{"start":{"line":6,"column":4},"end":{"line":52,"column":5}},"5":{"start":{"line":7,"column":46},"end":{"line":7,"column":54}},"6":{"start":{"line":8,"column":23},"end":{"line":8,"column":38}},"7":{"start":{"line":10,"column":32},"end":{"line":14,"column":10}},"8":{"start":{"line":16,"column":33},"end":{"line":16,"column":67}},"9":{"start":{"line":17,"column":8},"end":{"line":19,"column":9}},"10":{"start":{"line":18,"column":12},"end":{"line":18,"column":76}},"11":{"start":{"line":21,"column":22},"end":{"line":29,"column":10}},"12":{"start":{"line":31,"column":8},"end":{"line":40,"column":10}},"13":{"start":{"line":42,"column":8},"end":{"line":48,"column":10}},"14":{"start":{"line":50,"column":8},"end":{"line":50,"column":51}},"15":{"start":{"line":51,"column":8},"end":{"line":51,"column":64}},"16":{"start":{"line":55,"column":17},"end":{"line":77,"column":1}},"17":{"start":{"line":56,"column":4},"end":{"line":76,"column":5}},"18":{"start":{"line":57,"column":23},"end":{"line":57,"column":38}},"19":{"start":{"line":59,"column":23},"end":{"line":70,"column":10}},"20":{"start":{"line":72,"column":8},"end":{"line":72,"column":40}},"21":{"start":{"line":74,"column":8},"end":{"line":74,"column":49}},"22":{"start":{"line":75,"column":8},"end":{"line":75,"column":64}},"23":{"start":{"line":79,"column":21},"end":{"line":122,"column":1}},"24":{"start":{"line":80,"column":4},"end":{"line":121,"column":5}},"25":{"start":{"line":81,"column":23},"end":{"line":81,"column":33}},"26":{"start":{"line":82,"column":23},"end":{"line":82,"column":38}},"27":{"start":{"line":84,"column":22},"end":{"line":102,"column":10}},"28":{"start":{"line":104,"column":8},"end":{"line":106,"column":9}},"29":{"start":{"line":105,"column":12},"end":{"line":105,"column":69}},"30":{"start":{"line":108,"column":27},"end":{"line":111,"column":10}},"31":{"start":{"line":113,"column":8},"end":{"line":115,"column":9}},"32":{"start":{"line":114,"column":12},"end":{"line":114,"column":67}},"33":{"start":{"line":117,"column":8},"end":{"line":117,"column":39}},"34":{"start":{"line":119,"column":8},"end":{"line":119,"column":48}},"35":{"start":{"line":120,"column":8},"end":{"line":120,"column":64}},"36":{"start":{"line":124,"column":24},"end":{"line":159,"column":1}},"37":{"start":{"line":125,"column":4},"end":{"line":158,"column":5}},"38":{"start":{"line":126,"column":23},"end":{"line":126,"column":38}},"39":{"start":{"line":128,"column":23},"end":{"line":152,"column":10}},"40":{"start":{"line":154,"column":8},"end":{"line":154,"column":40}},"41":{"start":{"line":156,"column":8},"end":{"line":156,"column":56}},"42":{"start":{"line":157,"column":8},"end":{"line":157,"column":64}},"43":{"start":{"line":161,"column":20},"end":{"line":199,"column":1}},"44":{"start":{"line":162,"column":4},"end":{"line":198,"column":5}},"45":{"start":{"line":163,"column":23},"end":{"line":163,"column":33}},"46":{"start":{"line":164,"column":23},"end":{"line":164,"column":38}},"47":{"start":{"line":166,"column":22},"end":{"line":168,"column":10}},"48":{"start":{"line":170,"column":8},"end":{"line":172,"column":9}},"49":{"start":{"line":171,"column":12},"end":{"line":171,"column":69}},"50":{"start":{"line":174,"column":8},"end":{"line":176,"column":9}},"51":{"start":{"line":175,"column":12},"end":{"line":175,"column":67}},"52":{"start":{"line":178,"column":8},"end":{"line":181,"column":10}},"53":{"start":{"line":183,"column":8},"end":{"line":192,"column":10}},"54":{"start":{"line":194,"column":8},"end":{"line":194,"column":73}},"55":{"start":{"line":196,"column":8},"end":{"line":196,"column":45}},"56":{"start":{"line":197,"column":8},"end":{"line":197,"column":64}},"57":{"start":{"line":201,"column":0},"end":{"line":201,"column":86}}},"fnMap":{"0":{"name":"(anonymous_0)","decl":{"start":{"line":5,"column":20},"end":{"line":5,"column":21}},"loc":{"start":{"line":5,"column":40},"end":{"line":53,"column":1}},"line":5},"1":{"name":"(anonymous_1)","decl":{"start":{"line":55,"column":17},"end":{"line":55,"column":18}},"loc":{"start":{"line":55,"column":37},"end":{"line":77,"column":1}},"line":55},"2":{"name":"(anonymous_2)","decl":{"start":{"line":79,"column":21},"end":{"line":79,"column":22}},"loc":{"start":{"line":79,"column":41},"end":{"line":122,"column":1}},"line":79},"3":{"name":"(anonymous_3)","decl":{"start":{"line":124,"column":24},"end":{"line":124,"column":25}},"loc":{"start":{"line":124,"column":44},"end":{"line":159,"column":1}},"line":124},"4":{"name":"(anonymous_4)","decl":{"start":{"line":161,"column":20},"end":{"line":161,"column":21}},"loc":{"start":{"line":161,"column":40},"end":{"line":199,"column":1}},"line":161}},"branchMap":{"0":{"loc":{"start":{"line":17,"column":8},"end":{"line":19,"column":9}},"type":"if","locations":[{"start":{"line":17,"column":8},"end":{"line":19,"column":9}},{"start":{},"end":{}}],"line":17},"1":{"loc":{"start":{"line":27,"column":28},"end":{"line":27,"column":46}},"type":"binary-expr","locations":[{"start":{"line":27,"column":28},"end":{"line":27,"column":38}},{"start":{"line":27,"column":42},"end":{"line":27,"column":46}}],"line":27},"2":{"loc":{"start":{"line":104,"column":8},"end":{"line":106,"column":9}},"type":"if","locations":[{"start":{"line":104,"column":8},"end":{"line":106,"column":9}},{"start":{},"end":{}}],"line":104},"3":{"loc":{"start":{"line":113,"column":8},"end":{"line":115,"column":9}},"type":"if","locations":[{"start":{"line":113,"column":8},"end":{"line":115,"column":9}},{"start":{},"end":{}}],"line":113},"4":{"loc":{"start":{"line":170,"column":8},"end":{"line":172,"column":9}},"type":"if","locations":[{"start":{"line":170,"column":8},"end":{"line":172,"column":9}},{"start":{},"end":{}}],"line":170},"5":{"loc":{"start":{"line":174,"column":8},"end":{"line":176,"column":9}},"type":"if","locations":[{"start":{"line":174,"column":8},"end":{"line":176,"column":9}},{"start":{},"end":{}}],"line":174}},"s":{"0":3,"1":3,"2":3,"3":3,"4":2,"5":2,"6":2,"7":2,"8":2,"9":2,"10":0,"11":2,"12":2,"13":2,"14":0,"15":0,"16":3,"17":1,"18":1,"19":1,"20":1,"21":0,"22":0,"23":3,"24":2,"25":2,"26":2,"27":2,"28":2,"29":1,"30":1,"31":1,"32":0,"33":1,"34":0,"35":0,"36":3,"37":0,"38":0,"39":0,"40":0,"41":0,"42":0,"43":3,"44":1,"45":1,"46":1,"47":1,"48":1,"49":0,"50":1,"51":0,"52":1,"53":1,"54":1,"55":0,"56":0,"57":3},"f":{"0":2,"1":1,"2":2,"3":0,"4":1},"b":{"0":[0,2],"1":[2,0],"2":[1,1],"3":[0,1],"4":[0,1],"5":[0,1]},"_coverageSchema":"1a1c01bbd47fc00a2c39e90264f33305004495a9","hash":"138b813ca8678873206094ad8ac8cecb0832a299"}
,"/home/larry/hookshot/src/middleware/auth.js": {"path":"/home/larry/hookshot/src/middleware/auth.js","statementMap":{"0":{"start":{"line":1,"column":12},"end":{"line":1,"column":35}},"1":{"start":{"line":3,"column":23},"end":{"line":29,"column":1}},"2":{"start":{"line":4,"column":4},"end":{"line":28,"column":5}},"3":{"start":{"line":5,"column":27},"end":{"line":5,"column":52}},"4":{"start":{"line":8,"column":22},"end":{"line":8,"column":60}},"5":{"start":{"line":11,"column":8},"end":{"line":13,"column":9}},"6":{"start":{"line":12,"column":12},"end":{"line":12,"column":73}},"7":{"start":{"line":15,"column":8},"end":{"line":24,"column":10}},"8":{"start":{"line":16,"column":12},"end":{"line":16,"column":47}},"9":{"start":{"line":17,"column":12},"end":{"line":17,"column":46}},"10":{"start":{"line":19,"column":12},"end":{"line":21,"column":13}},"11":{"start":{"line":20,"column":16},"end":{"line":20,"column":79}},"12":{"start":{"line":22,"column":12},"end":{"line":22,"column":28}},"13":{"start":{"line":23,"column":12},"end":{"line":23,"column":18}},"14":{"start":{"line":26,"column":8},"end":{"line":26,"column":55}},"15":{"start":{"line":27,"column":8},"end":{"line":27,"column":75}},"16":{"start":{"line":32,"column":0},"end":{"line":32,"column":31}}},"fnMap":{"0":{"name":"(anonymous_0)","decl":{"start":{"line":3,"column":23},"end":{"line":3,"column":24}},"loc":{"start":{"line":3,"column":49},"end":{"line":29,"column":1}},"line":3},"1":{"name":"(anonymous_1)","decl":{"start":{"line":15,"column":50},"end":{"line":15,"column":51}},"loc":{"start":{"line":15,"column":67},"end":{"line":24,"column":9}},"line":15}},"branchMap":{"0":{"loc":{"start":{"line":8,"column":22},"end":{"line":8,"column":60}},"type":"binary-expr","locations":[{"start":{"line":8,"column":22},"end":{"line":8,"column":32}},{"start":{"line":8,"column":36},"end":{"line":8,"column":60}}],"line":8},"1":{"loc":{"start":{"line":11,"column":8},"end":{"line":13,"column":9}},"type":"if","locations":[{"start":{"line":11,"column":8},"end":{"line":13,"column":9}},{"start":{},"end":{}}],"line":11},"2":{"loc":{"start":{"line":19,"column":12},"end":{"line":21,"column":13}},"type":"if","locations":[{"start":{"line":19,"column":12},"end":{"line":21,"column":13}},{"start":{},"end":{}}],"line":19}},"s":{"0":3,"1":3,"2":12,"3":12,"4":12,"5":12,"6":0,"7":12,"8":12,"9":12,"10":12,"11":0,"12":12,"13":12,"14":0,"15":0,"16":3},"f":{"0":12,"1":12},"b":{"0":[12,12],"1":[0,12],"2":[0,12]},"_coverageSchema":"1a1c01bbd47fc00a2c39e90264f33305004495a9","hash":"eab6622980e9889c43f623330698bc4031325811"}
,"/home/larry/hookshot/src/middleware/rate-limit.js": {"path":"/home/larry/hookshot/src/middleware/rate-limit.js","statementMap":{"0":{"start":{"line":1,"column":18},"end":{"line":1,"column":47}},"1":{"start":{"line":2,"column":27},"end":{"line":2,"column":56}},"2":{"start":{"line":4,"column":16},"end":{"line":20,"column":2}},"3":{"start":{"line":14,"column":8},"end":{"line":16,"column":9}},"4":{"start":{"line":15,"column":12},"end":{"line":15,"column":44}},"5":{"start":{"line":18,"column":8},"end":{"line":18,"column":37}},"6":{"start":{"line":22,"column":0},"end":{"line":22,"column":24}}},"fnMap":{"0":{"name":"(anonymous_0)","decl":{"start":{"line":12,"column":18},"end":{"line":12,"column":19}},"loc":{"start":{"line":12,"column":27},"end":{"line":19,"column":5}},"line":12}},"branchMap":{"0":{"loc":{"start":{"line":14,"column":8},"end":{"line":16,"column":9}},"type":"if","locations":[{"start":{"line":14,"column":8},"end":{"line":16,"column":9}},{"start":{},"end":{}}],"line":14}},"s":{"0":3,"1":3,"2":3,"3":20,"4":0,"5":20,"6":3},"f":{"0":20},"b":{"0":[0,20]},"_coverageSchema":"1a1c01bbd47fc00a2c39e90264f33305004495a9","hash":"f35b8381807e0279afd5a456c352e1d893853295"}
,"/home/larry/hookshot/src/queues/dead-letter.queue.js": {"path":"/home/larry/hookshot/src/queues/dead-letter.queue.js","statementMap":{"0":{"start":{"line":1,"column":16},"end":{"line":1,"column":33}},"1":{"start":{"line":2,"column":13},"end":{"line":2,"column":39}},"2":{"start":{"line":4,"column":23},"end":{"line":6,"column":2}},"3":{"start":{"line":8,"column":0},"end":{"line":8,"column":31}}},"fnMap":{},"branchMap":{},"s":{"0":0,"1":0,"2":0,"3":0},"f":{},"b":{}}
,"/home/larry/hookshot/src/queues/event.queue.js": {"path":"/home/larry/hookshot/src/queues/event.queue.js","statementMap":{"0":{"start":{"line":1,"column":16},"end":{"line":1,"column":33}},"1":{"start":{"line":2,"column":14},"end":{"line":2,"column":40}},"2":{"start":{"line":4,"column":18},"end":{"line":6,"column":2}},"3":{"start":{"line":8,"column":0},"end":{"line":8,"column":26}}},"fnMap":{},"branchMap":{},"s":{"0":3,"1":3,"2":3,"3":3},"f":{},"b":{},"_coverageSchema":"1a1c01bbd47fc00a2c39e90264f33305004495a9","hash":"85d1e21fb6719be1a750cb52db37205193840404"}
,"/home/larry/hookshot/src/workers/delivery.worker.js": {"path":"/home/larry/hookshot/src/workers/delivery.worker.js","statementMap":{"0":{"start":{"line":1,"column":19},"end":{"line":1,"column":36}},"1":{"start":{"line":2,"column":14},"end":{"line":2,"column":30}},"2":{"start":{"line":3,"column":15},"end":{"line":3,"column":32}},"3":{"start":{"line":4,"column":15},"end":{"line":4,"column":38}},"4":{"start":{"line":5,"column":14},"end":{"line":5,"column":40}},"5":{"start":{"line":6,"column":23},"end":{"line":6,"column":61}},"6":{"start":{"line":9,"column":23},"end":{"line":118,"column":1}},"7":{"start":{"line":12,"column":8},"end":{"line":12,"column":50}},"8":{"start":{"line":14,"column":8},"end":{"line":109,"column":9}},"9":{"start":{"line":16,"column":40},"end":{"line":16,"column":48}},"10":{"start":{"line":19,"column":26},"end":{"line":21,"column":14}},"11":{"start":{"line":23,"column":12},"end":{"line":26,"column":13}},"12":{"start":{"line":24,"column":16},"end":{"line":24,"column":59}},"13":{"start":{"line":25,"column":16},"end":{"line":25,"column":22}},"14":{"start":{"line":29,"column":29},"end":{"line":31,"column":14}},"15":{"start":{"line":33,"column":12},"end":{"line":41,"column":13}},"16":{"start":{"line":34,"column":16},"end":{"line":34,"column":69}},"17":{"start":{"line":36,"column":16},"end":{"line":39,"column":18}},"18":{"start":{"line":40,"column":16},"end":{"line":40,"column":22}},"19":{"start":{"line":44,"column":30},"end":{"line":47,"column":30}},"20":{"start":{"line":50,"column":29},"end":{"line":65,"column":13}},"21":{"start":{"line":68,"column":12},"end":{"line":88,"column":13}},"22":{"start":{"line":70,"column":16},"end":{"line":73,"column":18}},"23":{"start":{"line":75,"column":16},"end":{"line":82,"column":18}},"24":{"start":{"line":84,"column":16},"end":{"line":84,"column":72}},"25":{"start":{"line":87,"column":16},"end":{"line":87,"column":82}},"26":{"start":{"line":91,"column":13},"end":{"line":91,"column":77}},"27":{"start":{"line":92,"column":32},"end":{"line":92,"column":89}},"28":{"start":{"line":96,"column":12},"end":{"line":103,"column":14}},"29":{"start":{"line":107,"column":12},"end":{"line":107,"column":23}},"30":{"start":{"line":121,"column":0},"end":{"line":123,"column":2}},"31":{"start":{"line":122,"column":4},"end":{"line":122,"column":44}},"32":{"start":{"line":125,"column":0},"end":{"line":138,"column":13}},"33":{"start":{"line":126,"column":12},"end":{"line":137,"column":13}},"34":{"start":{"line":127,"column":16},"end":{"line":131,"column":18}},"35":{"start":{"line":132,"column":16},"end":{"line":135,"column":18}},"36":{"start":{"line":136,"column":16},"end":{"line":136,"column":69}},"37":{"start":{"line":141,"column":0},"end":{"line":143,"column":2}},"38":{"start":{"line":142,"column":4},"end":{"line":142,"column":39}},"39":{"start":{"line":145,"column":0},"end":{"line":145,"column":41}},"40":{"start":{"line":147,"column":0},"end":{"line":147,"column":31}}},"fnMap":{"0":{"name":"(anonymous_0)","decl":{"start":{"line":11,"column":4},"end":{"line":11,"column":5}},"loc":{"start":{"line":11,"column":19},"end":{"line":110,"column":5}},"line":11},"1":{"name":"(anonymous_1)","decl":{"start":{"line":121,"column":31},"end":{"line":121,"column":32}},"loc":{"start":{"line":121,"column":40},"end":{"line":123,"column":1}},"line":121},"2":{"name":"(anonymous_2)","decl":{"start":{"line":125,"column":27},"end":{"line":125,"column":28}},"loc":{"start":{"line":125,"column":44},"end":{"line":138,"column":12}},"line":125},"3":{"name":"(anonymous_3)","decl":{"start":{"line":141,"column":27},"end":{"line":141,"column":28}},"loc":{"start":{"line":141,"column":36},"end":{"line":143,"column":1}},"line":141}},"branchMap":{"0":{"loc":{"start":{"line":23,"column":12},"end":{"line":26,"column":13}},"type":"if","locations":[{"start":{"line":23,"column":12},"end":{"line":26,"column":13}},{"start":{},"end":{}}],"line":23},"1":{"loc":{"start":{"line":33,"column":12},"end":{"line":41,"column":13}},"type":"if","locations":[{"start":{"line":33,"column":12},"end":{"line":41,"column":13}},{"start":{},"end":{}}],"line":33},"2":{"loc":{"start":{"line":68,"column":12},"end":{"line":88,"column":13}},"type":"if","locations":[{"start":{"line":68,"column":12},"end":{"line":88,"column":13}},{"start":{"line":85,"column":19},"end":{"line":88,"column":13}}],"line":68},"3":{"loc":{"start":{"line":68,"column":16},"end":{"line":68,"column":63}},"type":"binary-expr","locations":[{"start":{"line":68,"column":16},"end":{"line":68,"column":38}},{"start":{"line":68,"column":42},"end":{"line":68,"column":63}}],"line":68},"4":{"loc":{"start":{"line":92,"column":32},"end":{"line":92,"column":89}},"type":"cond-expr","locations":[{"start":{"line":92,"column":65},"end":{"line":92,"column":85}},{"start":{"line":92,"column":88},"end":{"line":92,"column":89}}],"line":92},"5":{"loc":{"start":{"line":126,"column":12},"end":{"line":137,"column":13}},"type":"if","locations":[{"start":{"line":126,"column":12},"end":{"line":137,"column":13}},{"start":{},"end":{}}],"line":126}},"s":{"0":0,"1":0,"2":0,"3":0,"4":0,"5":0,"6":0,"7":0,"8":0,"9":0,"10":0,"11":0,"12":0,"13":0,"14":0,"15":0,"16":0,"17":0,"18":0,"19":0,"20":0,"21":0,"22":0,"23":0,"24":0,"25":0,"26":0,"27":0,"28":0,"29":0,"30":0,"31":0,"32":0,"33":0,"34":0,"35":0,"36":0,"37":0,"38":0,"39":0,"40":0},"f":{"0":0,"1":0,"2":0,"3":0},"b":{"0":[0,0],"1":[0,0],"2":[0,0],"3":[0,0],"4":[0,0],"5":[0,0]}}
}
