TN:
SF:src/app.js
FN:22,(anonymous_0)
FN:26,(anonymous_1)
FN:37,(anonymous_2)
FN:62,(anonymous_3)
FNF:4
FNH:0
FNDA:0,(anonymous_0)
FNDA:0,(anonymous_1)
FNDA:0,(anonymous_2)
FNDA:0,(anonymous_3)
DA:1,3
DA:2,3
DA:3,3
DA:4,3
DA:6,3
DA:7,3
DA:8,3
DA:9,3
DA:10,3
DA:11,3
DA:15,3
DA:16,3
DA:19,3
DA:22,3
DA:23,0
DA:26,3
DA:27,0
DA:31,3
DA:32,3
DA:33,3
DA:34,3
DA:37,3
DA:38,0
DA:45,3
DA:46,3
DA:47,3
DA:48,3
DA:51,3
DA:52,3
DA:53,3
DA:54,3
DA:55,3
DA:58,3
DA:59,3
DA:62,3
DA:63,0
DA:66,3
LF:37
LH:33
BRF:0
BRH:0
end_of_record
TN:
SF:src/controllers/auth.js
FN:19,(anonymous_0)
FN:57,(anonymous_1)
FN:120,(anonymous_2)
FN:191,(anonymous_3)
FNF:4
FNH:2
FNDA:4,(anonymous_0)
FNDA:4,(anonymous_1)
FNDA:0,(anonymous_2)
FNDA:0,(anonymous_3)
DA:1,3
DA:2,3
DA:3,3
DA:4,3
DA:7,3
DA:13,3
DA:19,3
DA:20,4
DA:21,4
DA:22,4
DA:23,0
DA:26,4
DA:27,4
DA:30,4
DA:31,1
DA:34,3
DA:35,3
DA:42,3
DA:51,0
DA:52,0
DA:57,3
DA:58,4
DA:59,4
DA:60,4
DA:61,0
DA:64,4
DA:65,4
DA:69,4
DA:70,0
DA:73,4
DA:74,4
DA:75,1
DA:79,3
DA:86,3
DA:93,3
DA:103,3
DA:114,0
DA:115,0
DA:120,3
DA:121,0
DA:122,0
DA:124,0
DA:125,0
DA:129,0
DA:130,0
DA:132,0
DA:135,0
DA:143,0
DA:144,0
DA:148,0
DA:155,0
DA:162,0
DA:168,0
DA:177,0
DA:183,0
DA:184,0
DA:191,3
DA:192,0
DA:193,0
DA:196,0
DA:197,0
DA:200,0
DA:204,0
DA:205,0
DA:208,0
DA:213,0
DA:216,0
DA:217,0
DA:221,3
LF:69
LH:34
BRDA:22,0,0,0
BRDA:22,0,1,4
BRDA:30,1,0,1
BRDA:30,1,1,3
BRDA:60,2,0,0
BRDA:60,2,1,4
BRDA:69,3,0,0
BRDA:69,3,1,4
BRDA:74,4,0,1
BRDA:74,4,1,3
BRDA:82,5,0,3
BRDA:82,5,1,0
BRDA:89,6,0,3
BRDA:89,6,1,0
BRDA:124,7,0,0
BRDA:124,7,1,0
BRDA:143,8,0,0
BRDA:143,8,1,0
BRDA:151,9,0,0
BRDA:151,9,1,0
BRDA:158,10,0,0
BRDA:158,10,1,0
BRDA:196,11,0,0
BRDA:196,11,1,0
BRDA:204,12,0,0
BRDA:204,12,1,0
BRF:26
BRH:9
end_of_record
TN:
SF:src/controllers/dashboard.js
FN:3,(anonymous_0)
FN:25,(anonymous_1)
FN:26,(anonymous_2)
FN:34,(anonymous_3)
FN:62,(anonymous_4)
FN:82,(anonymous_5)
FNF:6
FNH:0
FNDA:0,(anonymous_0)
FNDA:0,(anonymous_1)
FNDA:0,(anonymous_2)
FNDA:0,(anonymous_3)
FNDA:0,(anonymous_4)
FNDA:0,(anonymous_5)
DA:1,3
DA:3,3
DA:4,0
DA:5,0
DA:7,0
DA:24,0
DA:25,0
DA:26,0
DA:28,0
DA:29,0
DA:32,0
DA:34,0
DA:35,0
DA:37,0
DA:38,0
DA:48,0
DA:50,0
DA:51,0
DA:53,0
DA:56,0
DA:57,0
DA:58,0
DA:62,0
DA:70,0
DA:78,0
DA:79,0
DA:82,3
DA:83,0
DA:85,0
DA:86,0
DA:89,0
DA:95,0
DA:96,0
DA:99,0
DA:100,0
DA:103,0
DA:104,0
DA:105,0
DA:106,0
DA:108,0
DA:109,0
DA:114,0
DA:117,0
DA:139,0
DA:150,0
DA:151,0
DA:155,3
LF:47
LH:4
BRDA:28,0,0,0
BRDA:28,0,1,0
BRDA:29,1,0,0
BRDA:29,1,1,0
BRDA:37,2,0,0
BRDA:37,2,1,0
BRDA:50,3,0,0
BRDA:50,3,1,0
BRDA:56,4,0,0
BRDA:56,4,1,0
BRDA:67,5,0,0
BRDA:67,5,1,0
BRDA:85,6,0,0
BRDA:85,7,0,0
BRDA:95,8,0,0
BRDA:95,8,1,0
BRDA:99,9,0,0
BRDA:99,9,1,0
BRDA:103,10,0,0
BRDA:103,10,1,0
BRDA:103,11,0,0
BRDA:103,11,1,0
BRDA:105,12,0,0
BRDA:105,12,1,0
BRDA:108,13,0,0
BRDA:108,13,1,0
BRF:26
BRH:0
end_of_record
TN:
SF:src/controllers/endpoint.js
FN:5,(anonymous_0)
FN:46,(anonymous_1)
FN:70,(anonymous_2)
FN:103,(anonymous_3)
FNF:4
FNH:4
FNDA:3,(anonymous_0)
FNDA:1,(anonymous_1)
FNDA:1,(anonymous_2)
FNDA:1,(anonymous_3)
DA:1,3
DA:2,3
DA:3,3
DA:5,3
DA:6,3
DA:7,3
DA:14,3
DA:15,3
DA:16,0
DA:19,3
DA:20,3
DA:21,3
DA:23,3
DA:32,3
DA:41,0
DA:42,0
DA:46,3
DA:47,1
DA:48,1
DA:50,1
DA:62,1
DA:65,0
DA:66,0
DA:70,3
DA:71,1
DA:72,1
DA:73,1
DA:75,1
DA:87,1
DA:88,0
DA:91,1
DA:92,0
DA:95,1
DA:98,0
DA:99,0
DA:103,3
DA:104,1
DA:105,1
DA:106,1
DA:108,1
DA:112,1
DA:113,0
DA:116,1
DA:117,0
DA:120,1
DA:124,1
DA:127,0
DA:128,0
DA:131,3
LF:49
LH:36
BRDA:15,0,0,0
BRDA:15,0,1,3
BRDA:26,1,0,3
BRDA:26,1,1,0
BRDA:87,2,0,0
BRDA:87,2,1,1
BRDA:91,3,0,0
BRDA:91,3,1,1
BRDA:112,4,0,0
BRDA:112,4,1,1
BRDA:116,5,0,0
BRDA:116,5,1,1
BRF:12
BRH:6
end_of_record
TN:
SF:src/controllers/event.js
FN:5,(anonymous_0)
FN:55,(anonymous_1)
FN:79,(anonymous_2)
FN:124,(anonymous_3)
FN:161,(anonymous_4)
FNF:5
FNH:4
FNDA:2,(anonymous_0)
FNDA:1,(anonymous_1)
FNDA:2,(anonymous_2)
FNDA:0,(anonymous_3)
FNDA:1,(anonymous_4)
DA:1,3
DA:2,3
DA:3,3
DA:5,3
DA:6,2
DA:7,2
DA:8,2
DA:10,2
DA:16,2
DA:17,2
DA:18,0
DA:21,2
DA:31,2
DA:42,2
DA:50,0
DA:51,0
DA:55,3
DA:56,1
DA:57,1
DA:59,1
DA:72,1
DA:74,0
DA:75,0
DA:79,3
DA:80,2
DA:81,2
DA:82,2
DA:84,2
DA:104,2
DA:105,1
DA:108,1
DA:113,1
DA:114,0
DA:117,1
DA:119,0
DA:120,0
DA:124,3
DA:125,0
DA:126,0
DA:128,0
DA:154,0
DA:156,0
DA:157,0
DA:161,3
DA:162,1
DA:163,1
DA:164,1
DA:166,1
DA:170,1
DA:171,0
DA:174,1
DA:175,0
DA:178,1
DA:183,1
DA:194,1
DA:196,0
DA:197,0
DA:201,3
LF:58
LH:40
BRDA:17,0,0,0
BRDA:17,0,1,2
BRDA:27,1,0,2
BRDA:27,1,1,0
BRDA:104,2,0,1
BRDA:104,2,1,1
BRDA:113,3,0,0
BRDA:113,3,1,1
BRDA:170,4,0,0
BRDA:170,4,1,1
BRDA:174,5,0,0
BRDA:174,5,1,1
BRF:12
BRH:7
end_of_record
TN:
SF:src/middleware/auth.js
FN:3,(anonymous_0)
FN:15,(anonymous_1)
FNF:2
FNH:2
FNDA:12,(anonymous_0)
FNDA:12,(anonymous_1)
DA:1,3
DA:3,3
DA:4,12
DA:5,12
DA:8,12
DA:11,12
DA:12,0
DA:15,12
DA:16,12
DA:17,12
DA:19,12
DA:20,0
DA:22,12
DA:23,12
DA:26,0
DA:27,0
DA:32,3
LF:17
LH:13
BRDA:8,0,0,12
BRDA:8,0,1,12
BRDA:11,1,0,0
BRDA:11,1,1,12
BRDA:19,2,0,0
BRDA:19,2,1,12
BRF:6
BRH:4
end_of_record
TN:
SF:src/middleware/rate-limit.js
FN:12,(anonymous_0)
FNF:1
FNH:1
FNDA:20,(anonymous_0)
DA:1,3
DA:2,3
DA:4,3
DA:14,20
DA:15,0
DA:18,20
DA:22,3
LF:7
LH:6
BRDA:14,0,0,0
BRDA:14,0,1,20
BRF:2
BRH:1
end_of_record
TN:
SF:src/queues/dead-letter.queue.js
FNF:0
FNH:0
DA:1,0
DA:2,0
DA:4,0
DA:8,0
LF:4
LH:0
BRF:0
BRH:0
end_of_record
TN:
SF:src/queues/event.queue.js
FNF:0
FNH:0
DA:1,3
DA:2,3
DA:4,3
DA:8,3
LF:4
LH:4
BRF:0
BRH:0
end_of_record
TN:
SF:src/workers/delivery.worker.js
FN:11,(anonymous_0)
FN:121,(anonymous_1)
FN:125,(anonymous_2)
FN:141,(anonymous_3)
FNF:4
FNH:0
FNDA:0,(anonymous_0)
FNDA:0,(anonymous_1)
FNDA:0,(anonymous_2)
FNDA:0,(anonymous_3)
DA:1,0
DA:2,0
DA:3,0
DA:4,0
DA:5,0
DA:6,0
DA:9,0
DA:12,0
DA:14,0
DA:16,0
DA:19,0
DA:23,0
DA:24,0
DA:25,0
DA:29,0
DA:33,0
DA:34,0
DA:36,0
DA:40,0
DA:44,0
DA:50,0
DA:68,0
DA:70,0
DA:75,0
DA:84,0
DA:87,0
DA:91,0
DA:92,0
DA:96,0
DA:107,0
DA:121,0
DA:122,0
DA:125,0
DA:126,0
DA:127,0
DA:132,0
DA:136,0
DA:141,0
DA:142,0
DA:145,0
DA:147,0
LF:41
LH:0
BRDA:23,0,0,0
BRDA:23,0,1,0
BRDA:33,1,0,0
BRDA:33,1,1,0
BRDA:68,2,0,0
BRDA:68,2,1,0
BRDA:68,3,0,0
BRDA:68,3,1,0
BRDA:92,4,0,0
BRDA:92,4,1,0
BRDA:126,5,0,0
BRDA:126,5,1,0
BRF:12
BRH:0
end_of_record
